<?xml version="1.0" encoding="UTF-8"?>
<!-- Generated by org.testng.reporters.JUnitXMLReporter -->
<testsuite ignored="0" hostname="DFW22AAA081819" failures="0" tests="21" name="Default test" time="47.922" errors="0" timestamp="2021-10-05T22:27:01 CDT">
  <testcase classname="com.deal4loans.qa.tests.HomePageTest" name="testCase1" time="7.825"/>
  <testcase classname="com.deal4loans.qa.tests.HomePageTest" name="columnCountTest" time="1.464"/>
  <testcase classname="com.deal4loans.qa.tests.HomePageTest" name="rowCountTest" time="0.131"/>
  <testcase classname="com.deal4loans.qa.tests.HomePageTest" name="tableTest" time="5.19"/>
  <testcase classname="com.deal4loans.qa.tests.HomePageTest" name="tableTest" time="3.656"/>
  <testcase classname="com.deal4loans.qa.tests.HomePageTest" name="tableTest" time="3.019"/>
  <testcase classname="com.deal4loans.qa.tests.HomePageTest" name="tableTest" time="2.674"/>
  <testcase classname="com.deal4loans.qa.tests.HomePageTest" name="tableTest" time="2.531"/>
  <testcase classname="com.deal4loans.qa.tests.HomePageTest" name="tableTest" time="2.376"/>
  <testcase classname="com.deal4loans.qa.tests.HomePageTest" name="tableTest" time="2.47"/>
  <testcase classname="com.deal4loans.qa.tests.HomePageTest" name="tableTest" time="2.536"/>
  <testcase classname="com.deal4loans.qa.tests.HomePageTest" name="tableTest" time="2.375"/>
  <testcase classname="com.deal4loans.qa.tests.HomePageTest" name="tableTest" time="2.25"/>
  <testcase classname="com.deal4loans.qa.tests.HomePageTest" name="tableTest" time="2.245"/>
  <testcase classname="com.deal4loans.qa.tests.HomePageTest" name="tableTest" time="2.235"/>
  <testcase classname="com.deal4loans.qa.tests.HomePageTest" name="noLoanAmountAlertTest" time="0.145"/>
  <testcase classname="com.deal4loans.qa.tests.HomePageTest" name="enterAmountTest" time="2.43"/>
  <testcase classname="com.deal4loans.qa.tests.HomePageTest" name="cityDropDownTest" time="0.816"/>
  <testcase classname="com.deal4loans.qa.tests.HomePageTest" name="employmentStatusDropDownTest" time="0.511"/>
  <testcase classname="com.deal4loans.qa.tests.HomePageTest" name="employmentStatusDropDownTest" time="0.359"/>
  <testcase classname="com.deal4loans.qa.tests.HomePageTest" name="employmentStatusDropDownTest" time="0.34"/>
</testsuite> <!-- Default test -->
